0 info it worked if it ends with ok
1 verbose cli [ 'C:\\Program Files\\nodejs\\node.exe',
1 verbose cli   'C:\\Program Files\\nodejs\\node_modules\\npm\\bin\\npm-cli.js',
1 verbose cli   'install' ]
2 info using npm@3.10.10
3 info using node@v6.10.0
4 silly loadCurrentTree Starting
5 silly install loadCurrentTree
6 silly install readLocalPackageData
7 silly install normalizeTree
8 silly loadCurrentTree Finishing
9 silly loadIdealTree Starting
10 silly install loadIdealTree
11 silly cloneCurrentTree Starting
12 silly install cloneCurrentTreeToIdealTree
13 silly cloneCurrentTree Finishing
14 silly loadShrinkwrap Starting
15 silly install loadShrinkwrap
16 silly loadShrinkwrap Finishing
17 silly loadAllDepsIntoIdealTree Starting
18 silly install loadAllDepsIntoIdealTree
19 silly fetchNamedPackageData pty.js
20 silly mapToRegistry name pty.js
21 silly mapToRegistry using default registry
22 silly mapToRegistry registry https://registry.npmjs.org/
23 silly mapToRegistry data Result {
23 silly mapToRegistry   raw: 'pty.js',
23 silly mapToRegistry   scope: null,
23 silly mapToRegistry   escapedName: 'pty.js',
23 silly mapToRegistry   name: 'pty.js',
23 silly mapToRegistry   rawSpec: '',
23 silly mapToRegistry   spec: 'latest',
23 silly mapToRegistry   type: 'tag' }
24 silly mapToRegistry uri https://registry.npmjs.org/pty.js
25 silly fetchNamedPackageData thumbnail
26 silly mapToRegistry name thumbnail
27 silly mapToRegistry using default registry
28 silly mapToRegistry registry https://registry.npmjs.org/
29 silly mapToRegistry data Result {
29 silly mapToRegistry   raw: 'thumbnail',
29 silly mapToRegistry   scope: null,
29 silly mapToRegistry   escapedName: 'thumbnail',
29 silly mapToRegistry   name: 'thumbnail',
29 silly mapToRegistry   rawSpec: '',
29 silly mapToRegistry   spec: 'latest',
29 silly mapToRegistry   type: 'tag' }
30 silly mapToRegistry uri https://registry.npmjs.org/thumbnail
31 verbose request uri https://registry.npmjs.org/thumbnail
32 verbose request no auth needed
33 info attempt registry request try #1 at 6:41:39 PM
34 verbose request id 77bec067d7b3e7dc
35 http request GET https://registry.npmjs.org/thumbnail
36 verbose request uri https://registry.npmjs.org/pty.js
37 verbose request no auth needed
38 info attempt registry request try #1 at 6:41:39 PM
39 verbose etag "59e32bf9-801a"
40 verbose lastModified Sun, 15 Oct 2017 9:35:53 GMT
41 http request GET https://registry.npmjs.org/pty.js
42 http 304 https://registry.npmjs.org/pty.js
43 verbose headers { date: 'Sat, 17 Feb 2018 17:41:38 GMT',
43 verbose headers   via: '1.1 varnish',
43 verbose headers   'cache-control': 'max-age=300',
43 verbose headers   etag: '"59e32bf9-801a"',
43 verbose headers   age: '7912',
43 verbose headers   connection: 'keep-alive',
43 verbose headers   'x-served-by': 'cache-lhr6348-LHR',
43 verbose headers   'x-cache': 'HIT',
43 verbose headers   'x-cache-hits': '1',
43 verbose headers   'x-timer': 'S1518889299.619526,VS0,VE1',
43 verbose headers   vary: 'Accept-Encoding, Accept' }
44 silly get cb [ 304,
44 silly get   { date: 'Sat, 17 Feb 2018 17:41:38 GMT',
44 silly get     via: '1.1 varnish',
44 silly get     'cache-control': 'max-age=300',
44 silly get     etag: '"59e32bf9-801a"',
44 silly get     age: '7912',
44 silly get     connection: 'keep-alive',
44 silly get     'x-served-by': 'cache-lhr6348-LHR',
44 silly get     'x-cache': 'HIT',
44 silly get     'x-cache-hits': '1',
44 silly get     'x-timer': 'S1518889299.619526,VS0,VE1',
44 silly get     vary: 'Accept-Encoding, Accept' } ]
45 verbose etag https://registry.npmjs.org/pty.js from cache
46 verbose get saving pty.js to C:\Users\HP ENVY\AppData\Roaming\npm-cache\registry.npmjs.org\pty.js\.cache.json
47 verbose correctMkdir C:\Users\HP ENVY\AppData\Roaming\npm-cache correctMkdir not in flight; initializing
48 silly resolveWithNewModule pty.js@0.3.1 checking installable status
49 silly cache add args [ 'pty.js@^0.3.1', null ]
50 verbose cache add spec pty.js@^0.3.1
51 silly cache add parsed spec Result {
51 silly cache add   raw: 'pty.js@^0.3.1',
51 silly cache add   scope: null,
51 silly cache add   escapedName: 'pty.js',
51 silly cache add   name: 'pty.js',
51 silly cache add   rawSpec: '^0.3.1',
51 silly cache add   spec: '>=0.3.1 <0.4.0',
51 silly cache add   type: 'range' }
52 silly addNamed pty.js@>=0.3.1 <0.4.0
53 verbose addNamed ">=0.3.1 <0.4.0" is a valid semver range for pty.js
54 silly addNameRange { name: 'pty.js', range: '>=0.3.1 <0.4.0', hasData: false }
55 silly mapToRegistry name pty.js
56 silly mapToRegistry using default registry
57 silly mapToRegistry registry https://registry.npmjs.org/
58 silly mapToRegistry data Result {
58 silly mapToRegistry   raw: 'pty.js',
58 silly mapToRegistry   scope: null,
58 silly mapToRegistry   escapedName: 'pty.js',
58 silly mapToRegistry   name: 'pty.js',
58 silly mapToRegistry   rawSpec: '',
58 silly mapToRegistry   spec: 'latest',
58 silly mapToRegistry   type: 'tag' }
59 silly mapToRegistry uri https://registry.npmjs.org/pty.js
60 verbose addNameRange registry:https://registry.npmjs.org/pty.js not in flight; fetching
61 verbose get https://registry.npmjs.org/pty.js not expired, no request
62 silly addNameRange number 2 { name: 'pty.js', range: '>=0.3.1 <0.4.0', hasData: true }
63 silly addNameRange versions [ 'pty.js',
63 silly addNameRange   [ '0.0.1',
63 silly addNameRange     '0.0.2',
63 silly addNameRange     '0.0.3',
63 silly addNameRange     '0.0.4',
63 silly addNameRange     '0.0.5',
63 silly addNameRange     '0.0.6',
63 silly addNameRange     '0.0.6-1',
63 silly addNameRange     '0.0.7',
63 silly addNameRange     '0.0.8',
63 silly addNameRange     '0.0.9',
63 silly addNameRange     '0.1.0',
63 silly addNameRange     '0.1.1',
63 silly addNameRange     '0.1.2',
63 silly addNameRange     '0.1.3',
63 silly addNameRange     '0.2.0',
63 silly addNameRange     '0.2.1',
63 silly addNameRange     '0.2.2',
63 silly addNameRange     '0.2.3',
63 silly addNameRange     '0.2.4',
63 silly addNameRange     '0.2.5',
63 silly addNameRange     '0.2.6',
63 silly addNameRange     '0.2.7-1',
63 silly addNameRange     '0.2.8',
63 silly addNameRange     '0.2.9',
63 silly addNameRange     '0.2.10',
63 silly addNameRange     '0.2.11',
63 silly addNameRange     '0.2.12',
63 silly addNameRange     '0.2.13',
63 silly addNameRange     '0.3.0',
63 silly addNameRange     '0.3.1' ] ]
64 silly addNamed pty.js@0.3.1
65 verbose addNamed "0.3.1" is a plain semver version for pty.js
66 silly cache afterAdd pty.js@0.3.1
67 verbose afterAdd C:\Users\HP ENVY\AppData\Roaming\npm-cache\pty.js\0.3.1\package\package.json not in flight; writing
68 verbose correctMkdir C:\Users\HP ENVY\AppData\Roaming\npm-cache correctMkdir not in flight; initializing
69 verbose afterAdd C:\Users\HP ENVY\AppData\Roaming\npm-cache\pty.js\0.3.1\package\package.json written
70 http 200 https://registry.npmjs.org/thumbnail
71 verbose headers { 'content-type': 'application/json; charset=UTF-8',
71 verbose headers   server: 'UploadServer',
71 verbose headers   'cache-control': 'max-age=300',
71 verbose headers   'last-modified': 'Fri, 5 Sep 2014 16:57:23 GMT',
71 verbose headers   etag: '"5409eb73-25f2"',
71 verbose headers   'x-npm-region': 'EU-West',
71 verbose headers   'content-encoding': 'gzip',
71 verbose headers   'content-length': '2169',
71 verbose headers   'accept-ranges': 'bytes',
71 verbose headers   date: 'Sat, 17 Feb 2018 17:41:38 GMT',
71 verbose headers   via: '1.1 varnish',
71 verbose headers   age: '0',
71 verbose headers   connection: 'keep-alive',
71 verbose headers   'x-served-by': 'cache-lhr6322-LHR',
71 verbose headers   'x-cache': 'MISS',
71 verbose headers   'x-cache-hits': '0',
71 verbose headers   'x-timer': 'S1518889299.609291,VS0,VE300',
71 verbose headers   vary: 'Accept-Encoding, Accept' }
72 silly get cb [ 200,
72 silly get   { 'content-type': 'application/json; charset=UTF-8',
72 silly get     server: 'UploadServer',
72 silly get     'cache-control': 'max-age=300',
72 silly get     'last-modified': 'Fri, 5 Sep 2014 16:57:23 GMT',
72 silly get     etag: '"5409eb73-25f2"',
72 silly get     'x-npm-region': 'EU-West',
72 silly get     'content-encoding': 'gzip',
72 silly get     'content-length': '2169',
72 silly get     'accept-ranges': 'bytes',
72 silly get     date: 'Sat, 17 Feb 2018 17:41:38 GMT',
72 silly get     via: '1.1 varnish',
72 silly get     age: '0',
72 silly get     connection: 'keep-alive',
72 silly get     'x-served-by': 'cache-lhr6322-LHR',
72 silly get     'x-cache': 'MISS',
72 silly get     'x-cache-hits': '0',
72 silly get     'x-timer': 'S1518889299.609291,VS0,VE300',
72 silly get     vary: 'Accept-Encoding, Accept' } ]
73 verbose get saving thumbnail to C:\Users\HP ENVY\AppData\Roaming\npm-cache\registry.npmjs.org\thumbnail\.cache.json
74 verbose correctMkdir C:\Users\HP ENVY\AppData\Roaming\npm-cache correctMkdir not in flight; initializing
75 silly resolveWithNewModule thumbnail@0.1.9 checking installable status
76 silly cache add args [ 'thumbnail@^0.1.9', null ]
77 verbose cache add spec thumbnail@^0.1.9
78 silly cache add parsed spec Result {
78 silly cache add   raw: 'thumbnail@^0.1.9',
78 silly cache add   scope: null,
78 silly cache add   escapedName: 'thumbnail',
78 silly cache add   name: 'thumbnail',
78 silly cache add   rawSpec: '^0.1.9',
78 silly cache add   spec: '>=0.1.9 <0.2.0',
78 silly cache add   type: 'range' }
79 silly addNamed thumbnail@>=0.1.9 <0.2.0
80 verbose addNamed ">=0.1.9 <0.2.0" is a valid semver range for thumbnail
81 silly addNameRange { name: 'thumbnail', range: '>=0.1.9 <0.2.0', hasData: false }
82 silly mapToRegistry name thumbnail
83 silly mapToRegistry using default registry
84 silly mapToRegistry registry https://registry.npmjs.org/
85 silly mapToRegistry data Result {
85 silly mapToRegistry   raw: 'thumbnail',
85 silly mapToRegistry   scope: null,
85 silly mapToRegistry   escapedName: 'thumbnail',
85 silly mapToRegistry   name: 'thumbnail',
85 silly mapToRegistry   rawSpec: '',
85 silly mapToRegistry   spec: 'latest',
85 silly mapToRegistry   type: 'tag' }
86 silly mapToRegistry uri https://registry.npmjs.org/thumbnail
87 verbose addNameRange registry:https://registry.npmjs.org/thumbnail not in flight; fetching
88 verbose get https://registry.npmjs.org/thumbnail not expired, no request
89 silly addNameRange number 2 { name: 'thumbnail', range: '>=0.1.9 <0.2.0', hasData: true }
90 silly addNameRange versions [ 'thumbnail', [ '0.1.5', '0.1.6', '0.1.7', '0.1.8', '0.1.9' ] ]
91 silly addNamed thumbnail@0.1.9
92 verbose addNamed "0.1.9" is a plain semver version for thumbnail
93 silly mapToRegistry name thumbnail
94 silly mapToRegistry using default registry
95 silly mapToRegistry registry https://registry.npmjs.org/
96 silly mapToRegistry data Result {
96 silly mapToRegistry   raw: 'thumbnail',
96 silly mapToRegistry   scope: null,
96 silly mapToRegistry   escapedName: 'thumbnail',
96 silly mapToRegistry   name: 'thumbnail',
96 silly mapToRegistry   rawSpec: '',
96 silly mapToRegistry   spec: 'latest',
96 silly mapToRegistry   type: 'tag' }
97 silly mapToRegistry uri https://registry.npmjs.org/thumbnail
98 verbose addRemoteTarball https://registry.npmjs.org/thumbnail/-/thumbnail-0.1.9.tgz not in flight; adding
99 verbose addRemoteTarball [ 'https://registry.npmjs.org/thumbnail/-/thumbnail-0.1.9.tgz',
99 verbose addRemoteTarball   '31cdf24e86a5cf759478489780a4deef0442a0f5' ]
100 info retry fetch attempt 1 at 6:41:40 PM
101 info attempt registry request try #1 at 6:41:40 PM
102 http fetch GET https://registry.npmjs.org/thumbnail/-/thumbnail-0.1.9.tgz
103 http fetch 200 https://registry.npmjs.org/thumbnail/-/thumbnail-0.1.9.tgz
104 silly fetchAndShaCheck shasum 31cdf24e86a5cf759478489780a4deef0442a0f5
105 verbose addTmpTarball C:\Users\HPENVY~1\AppData\Local\Temp\npm-27844-5ae18cf3\registry.npmjs.org\thumbnail\-\thumbnail-0.1.9.tgz not in flight; adding
106 verbose addTmpTarball already have metadata; skipping unpack for thumbnail@0.1.9
107 verbose correctMkdir C:\Users\HP ENVY\AppData\Roaming\npm-cache correctMkdir not in flight; initializing
108 silly cache afterAdd thumbnail@0.1.9
109 verbose afterAdd C:\Users\HP ENVY\AppData\Roaming\npm-cache\thumbnail\0.1.9\package\package.json not in flight; writing
110 verbose correctMkdir C:\Users\HP ENVY\AppData\Roaming\npm-cache correctMkdir not in flight; initializing
111 verbose afterAdd C:\Users\HP ENVY\AppData\Roaming\npm-cache\thumbnail\0.1.9\package\package.json written
112 silly fetchNamedPackageData extend
113 silly mapToRegistry name extend
114 silly mapToRegistry using default registry
115 silly mapToRegistry registry https://registry.npmjs.org/
116 silly mapToRegistry data Result {
116 silly mapToRegistry   raw: 'extend',
116 silly mapToRegistry   scope: null,
116 silly mapToRegistry   escapedName: 'extend',
116 silly mapToRegistry   name: 'extend',
116 silly mapToRegistry   rawSpec: '',
116 silly mapToRegistry   spec: 'latest',
116 silly mapToRegistry   type: 'tag' }
117 silly mapToRegistry uri https://registry.npmjs.org/extend
118 silly fetchNamedPackageData nan
119 silly mapToRegistry name nan
120 silly mapToRegistry using default registry
121 silly mapToRegistry registry https://registry.npmjs.org/
122 silly mapToRegistry data Result {
122 silly mapToRegistry   raw: 'nan',
122 silly mapToRegistry   scope: null,
122 silly mapToRegistry   escapedName: 'nan',
122 silly mapToRegistry   name: 'nan',
122 silly mapToRegistry   rawSpec: '',
122 silly mapToRegistry   spec: 'latest',
122 silly mapToRegistry   type: 'tag' }
123 silly mapToRegistry uri https://registry.npmjs.org/nan
124 verbose request uri https://registry.npmjs.org/extend
125 verbose request no auth needed
126 info attempt registry request try #1 at 6:41:41 PM
127 verbose etag "5a4468fe-4218"
128 verbose lastModified Thu, 28 Dec 2017 3:46:06 GMT
129 http request GET https://registry.npmjs.org/extend
130 verbose request uri https://registry.npmjs.org/nan
131 verbose request no auth needed
132 info attempt registry request try #1 at 6:41:41 PM
133 verbose etag "5a3ad7f1-20c2f"
134 verbose lastModified Wed, 20 Dec 2017 21:36:49 GMT
135 http request GET https://registry.npmjs.org/nan
136 http 304 https://registry.npmjs.org/extend
137 verbose headers { date: 'Sat, 17 Feb 2018 17:41:39 GMT',
137 verbose headers   via: '1.1 varnish',
137 verbose headers   'cache-control': 'max-age=300',
137 verbose headers   etag: '"5a4468fe-4218"',
137 verbose headers   age: '11311',
137 verbose headers   connection: 'keep-alive',
137 verbose headers   'x-served-by': 'cache-lhr6322-LHR',
137 verbose headers   'x-cache': 'HIT',
137 verbose headers   'x-cache-hits': '23',
137 verbose headers   'x-timer': 'S1518889300.885276,VS0,VE0',
137 verbose headers   vary: 'Accept-Encoding, Accept' }
138 silly get cb [ 304,
138 silly get   { date: 'Sat, 17 Feb 2018 17:41:39 GMT',
138 silly get     via: '1.1 varnish',
138 silly get     'cache-control': 'max-age=300',
138 silly get     etag: '"5a4468fe-4218"',
138 silly get     age: '11311',
138 silly get     connection: 'keep-alive',
138 silly get     'x-served-by': 'cache-lhr6322-LHR',
138 silly get     'x-cache': 'HIT',
138 silly get     'x-cache-hits': '23',
138 silly get     'x-timer': 'S1518889300.885276,VS0,VE0',
138 silly get     vary: 'Accept-Encoding, Accept' } ]
139 verbose etag https://registry.npmjs.org/extend from cache
140 verbose get saving extend to C:\Users\HP ENVY\AppData\Roaming\npm-cache\registry.npmjs.org\extend\.cache.json
141 verbose correctMkdir C:\Users\HP ENVY\AppData\Roaming\npm-cache correctMkdir not in flight; initializing
142 silly resolveWithNewModule extend@1.2.1 checking installable status
143 silly cache add args [ 'extend@~1.2.1', null ]
144 verbose cache add spec extend@~1.2.1
145 silly cache add parsed spec Result {
145 silly cache add   raw: 'extend@~1.2.1',
145 silly cache add   scope: null,
145 silly cache add   escapedName: 'extend',
145 silly cache add   name: 'extend',
145 silly cache add   rawSpec: '~1.2.1',
145 silly cache add   spec: '>=1.2.1 <1.3.0',
145 silly cache add   type: 'range' }
146 silly addNamed extend@>=1.2.1 <1.3.0
147 verbose addNamed ">=1.2.1 <1.3.0" is a valid semver range for extend
148 silly addNameRange { name: 'extend', range: '>=1.2.1 <1.3.0', hasData: false }
149 silly mapToRegistry name extend
150 silly mapToRegistry using default registry
151 silly mapToRegistry registry https://registry.npmjs.org/
152 silly mapToRegistry data Result {
152 silly mapToRegistry   raw: 'extend',
152 silly mapToRegistry   scope: null,
152 silly mapToRegistry   escapedName: 'extend',
152 silly mapToRegistry   name: 'extend',
152 silly mapToRegistry   rawSpec: '',
152 silly mapToRegistry   spec: 'latest',
152 silly mapToRegistry   type: 'tag' }
153 silly mapToRegistry uri https://registry.npmjs.org/extend
154 verbose addNameRange registry:https://registry.npmjs.org/extend not in flight; fetching
155 verbose get https://registry.npmjs.org/extend not expired, no request
156 silly addNameRange number 2 { name: 'extend', range: '>=1.2.1 <1.3.0', hasData: true }
157 silly addNameRange versions [ 'extend',
157 silly addNameRange   [ '1.0.0',
157 silly addNameRange     '1.1.0',
157 silly addNameRange     '1.1.1',
157 silly addNameRange     '1.1.3',
157 silly addNameRange     '1.2.0',
157 silly addNameRange     '1.2.1',
157 silly addNameRange     '1.3.0',
157 silly addNameRange     '2.0.0',
157 silly addNameRange     '2.0.1',
157 silly addNameRange     '3.0.0',
157 silly addNameRange     '3.0.1' ] ]
158 silly addNamed extend@1.2.1
159 verbose addNamed "1.2.1" is a plain semver version for extend
160 silly cache afterAdd extend@1.2.1
161 verbose afterAdd C:\Users\HP ENVY\AppData\Roaming\npm-cache\extend\1.2.1\package\package.json not in flight; writing
162 verbose correctMkdir C:\Users\HP ENVY\AppData\Roaming\npm-cache correctMkdir not in flight; initializing
163 verbose afterAdd C:\Users\HP ENVY\AppData\Roaming\npm-cache\extend\1.2.1\package\package.json written
164 http 200 https://registry.npmjs.org/nan
165 verbose headers { 'content-type': 'application/json; charset=UTF-8',
165 verbose headers   server: 'UploadServer',
165 verbose headers   'cache-control': 'max-age=300',
165 verbose headers   'last-modified': 'Thu, 15 Feb 2018 10:09:29 GMT',
165 verbose headers   etag: '"5a855c59-20c51"',
165 verbose headers   'x-npm-region': 'EU-West',
165 verbose headers   'content-encoding': 'gzip',
165 verbose headers   'content-length': '15719',
165 verbose headers   'accept-ranges': 'bytes',
165 verbose headers   date: 'Sat, 17 Feb 2018 17:41:39 GMT',
165 verbose headers   via: '1.1 varnish',
165 verbose headers   age: '12508',
165 verbose headers   connection: 'keep-alive',
165 verbose headers   'x-served-by': 'cache-lhr6348-LHR',
165 verbose headers   'x-cache': 'HIT',
165 verbose headers   'x-cache-hits': '1',
165 verbose headers   'x-timer': 'S1518889300.891187,VS0,VE1',
165 verbose headers   vary: 'Accept-Encoding, Accept' }
166 silly get cb [ 200,
166 silly get   { 'content-type': 'application/json; charset=UTF-8',
166 silly get     server: 'UploadServer',
166 silly get     'cache-control': 'max-age=300',
166 silly get     'last-modified': 'Thu, 15 Feb 2018 10:09:29 GMT',
166 silly get     etag: '"5a855c59-20c51"',
166 silly get     'x-npm-region': 'EU-West',
166 silly get     'content-encoding': 'gzip',
166 silly get     'content-length': '15719',
166 silly get     'accept-ranges': 'bytes',
166 silly get     date: 'Sat, 17 Feb 2018 17:41:39 GMT',
166 silly get     via: '1.1 varnish',
166 silly get     age: '12508',
166 silly get     connection: 'keep-alive',
166 silly get     'x-served-by': 'cache-lhr6348-LHR',
166 silly get     'x-cache': 'HIT',
166 silly get     'x-cache-hits': '1',
166 silly get     'x-timer': 'S1518889300.891187,VS0,VE1',
166 silly get     vary: 'Accept-Encoding, Accept' } ]
167 verbose get saving nan to C:\Users\HP ENVY\AppData\Roaming\npm-cache\registry.npmjs.org\nan\.cache.json
168 verbose correctMkdir C:\Users\HP ENVY\AppData\Roaming\npm-cache correctMkdir not in flight; initializing
169 silly resolveWithNewModule nan@2.3.5 checking installable status
170 silly cache add args [ 'nan@2.3.5', null ]
171 verbose cache add spec nan@2.3.5
172 silly cache add parsed spec Result {
172 silly cache add   raw: 'nan@2.3.5',
172 silly cache add   scope: null,
172 silly cache add   escapedName: 'nan',
172 silly cache add   name: 'nan',
172 silly cache add   rawSpec: '2.3.5',
172 silly cache add   spec: '2.3.5',
172 silly cache add   type: 'version' }
173 silly addNamed nan@2.3.5
174 verbose addNamed "2.3.5" is a plain semver version for nan
175 silly mapToRegistry name nan
176 silly mapToRegistry using default registry
177 silly mapToRegistry registry https://registry.npmjs.org/
178 silly mapToRegistry data Result {
178 silly mapToRegistry   raw: 'nan',
178 silly mapToRegistry   scope: null,
178 silly mapToRegistry   escapedName: 'nan',
178 silly mapToRegistry   name: 'nan',
178 silly mapToRegistry   rawSpec: '',
178 silly mapToRegistry   spec: 'latest',
178 silly mapToRegistry   type: 'tag' }
179 silly mapToRegistry uri https://registry.npmjs.org/nan
180 verbose addNameVersion registry:https://registry.npmjs.org/nan not in flight; fetching
181 verbose get https://registry.npmjs.org/nan not expired, no request
182 silly cache afterAdd nan@2.3.5
183 verbose afterAdd C:\Users\HP ENVY\AppData\Roaming\npm-cache\nan\2.3.5\package\package.json not in flight; writing
184 verbose correctMkdir C:\Users\HP ENVY\AppData\Roaming\npm-cache correctMkdir not in flight; initializing
185 verbose afterAdd C:\Users\HP ENVY\AppData\Roaming\npm-cache\nan\2.3.5\package\package.json written
186 silly loadAllDepsIntoIdealTree Finishing
187 silly loadIdealTree Finishing
188 silly currentTree DMS@1.0.0
188 silly currentTree +-- accepts@1.3.4
188 silly currentTree +-- addressparser@1.0.1
188 silly currentTree +-- after@0.8.2
188 silly currentTree +-- ajv@5.5.2
188 silly currentTree +-- align-text@0.1.4
188 silly currentTree +-- amdefine@1.0.1
188 silly currentTree +-- ansi-regex@2.1.1
188 silly currentTree +-- ansi-styles@2.2.1
188 silly currentTree +-- array-flatten@1.1.1
188 silly currentTree +-- arraybuffer.slice@0.0.7
188 silly currentTree +-- asap@2.0.6
188 silly currentTree +-- asn1@0.2.3
188 silly currentTree +-- assert-plus@0.2.0
188 silly currentTree +-- async-limiter@1.0.0
188 silly currentTree +-- async@0.2.10
188 silly currentTree +-- asynckit@0.4.0
188 silly currentTree +-- aws-sign2@0.6.0
188 silly currentTree +-- aws4@1.6.0
188 silly currentTree +-- backo2@1.0.2
188 silly currentTree +-- balanced-match@1.0.0
188 silly currentTree +-- base64-arraybuffer@0.1.5
188 silly currentTree +-- base64id@1.0.0
188 silly currentTree +-- base64url@2.0.0
188 silly currentTree +-- basic-auth@2.0.0
188 silly currentTree +-- bcrypt-nodejs@0.0.3
188 silly currentTree +-- bcrypt-pbkdf@1.0.1
188 silly currentTree +-- better-assert@1.0.2
188 silly currentTree +-- bitbucket-api@0.1.0
188 silly currentTree +-- bl@1.1.2
188 silly currentTree +-- blob@0.0.4
188 silly currentTree +-- bluebird@3.5.1
188 silly currentTree +-- body-parser@1.18.2
188 silly currentTree +-- boom@2.10.1
188 silly currentTree +-- brace-expansion@1.1.8
188 silly currentTree +-- bson@1.0.4
188 silly currentTree +-- buffer-equal-constant-time@1.0.1
188 silly currentTree +-- buffer-shims@1.0.0
188 silly currentTree +-- buildmail@3.10.0
188 silly currentTree | +-- iconv-lite@0.4.13
188 silly currentTree | `-- libmime@2.1.0
188 silly currentTree +-- busboy@0.2.14
188 silly currentTree | +-- isarray@0.0.1
188 silly currentTree | `-- readable-stream@1.1.14
188 silly currentTree +-- bytes@3.0.0
188 silly currentTree +-- callsite@1.0.0
188 silly currentTree +-- camelcase@1.2.1
188 silly currentTree +-- caseless@0.11.0
188 silly currentTree +-- center-align@0.1.3
188 silly currentTree +-- chalk@1.1.3
188 silly currentTree +-- cliui@2.1.0
188 silly currentTree | `-- wordwrap@0.0.2
188 silly currentTree +-- co@4.6.0
188 silly currentTree +-- combined-stream@1.0.5
188 silly currentTree +-- commander@2.12.2
188 silly currentTree +-- component-bind@1.0.0
188 silly currentTree +-- component-emitter@1.2.1
188 silly currentTree +-- component-inherit@0.0.3
188 silly currentTree +-- concat-map@0.0.1
188 silly currentTree +-- connect-flash@0.1.1
188 silly currentTree +-- content-disposition@0.5.2
188 silly currentTree +-- content-type@1.0.4
188 silly currentTree +-- cookie-parser@1.4.3
188 silly currentTree +-- cookie-signature@1.0.6
188 silly currentTree +-- cookie@0.3.1
188 silly currentTree +-- core-util-is@1.0.2
188 silly currentTree +-- cors@2.8.4
188 silly currentTree +-- crc@3.4.4
188 silly currentTree +-- cryptiles@2.0.5
188 silly currentTree +-- crypto-js@3.1.6
188 silly currentTree +-- csvjson@4.3.4
188 silly currentTree +-- curl@0.1.4
188 silly currentTree +-- dashdash@1.14.1
188 silly currentTree | `-- assert-plus@1.0.0
188 silly currentTree +-- debug@2.6.9
188 silly currentTree +-- decamelize@1.2.0
188 silly currentTree +-- define-properties@1.1.2
188 silly currentTree +-- delayed-stream@1.0.0
188 silly currentTree +-- depd@1.1.1
188 silly currentTree +-- destroy@1.0.4
188 silly currentTree +-- dicer@0.2.5
188 silly currentTree | +-- isarray@0.0.1
188 silly currentTree | `-- readable-stream@1.1.14
188 silly currentTree +-- directory-structure-json@1.0.0
188 silly currentTree +-- dkim-signer@0.2.2
188 silly currentTree +-- ecc-jsbn@0.1.1
188 silly currentTree +-- ecdsa-sig-formatter@1.0.9
188 silly currentTree +-- ee-first@1.1.1
188 silly currentTree +-- ejs@2.5.7
188 silly currentTree +-- encodeurl@1.0.1
188 silly currentTree +-- engine.io-client@3.1.4
188 silly currentTree +-- engine.io-parser@2.1.2
188 silly currentTree +-- engine.io@3.1.4
188 silly currentTree | `-- accepts@1.3.3
188 silly currentTree +-- es6-promise@3.2.1
188 silly currentTree +-- escape-html@1.0.3
188 silly currentTree +-- escape-string-regexp@1.0.5
188 silly currentTree +-- etag@1.8.1
188 silly currentTree +-- express-handlebars@3.0.0
188 silly currentTree | +-- async@1.5.2
188 silly currentTree | +-- glob@6.0.4
188 silly currentTree | +-- handlebars@4.0.11
188 silly currentTree | +-- minimatch@3.0.4
188 silly currentTree | +-- optimist@0.6.1
188 silly currentTree | +-- source-map@0.4.4
188 silly currentTree | `-- uglify-js@2.8.29
188 silly currentTree |   `-- source-map@0.5.7
188 silly currentTree +-- express-session@1.15.6
188 silly currentTree +-- express@4.16.2
188 silly currentTree | +-- setprototypeof@1.1.0
188 silly currentTree | `-- statuses@1.3.1
188 silly currentTree +-- express3-handlebars@0.5.2
188 silly currentTree +-- extend@3.0.1
188 silly currentTree +-- extsprintf@1.3.0
188 silly currentTree +-- fast-deep-equal@1.0.0
188 silly currentTree +-- fast-json-stable-stringify@2.0.0
188 silly currentTree +-- fileupload@1.0.0
188 silly currentTree | `-- mime@1.2.11
188 silly currentTree +-- finalhandler@1.1.0
188 silly currentTree | `-- statuses@1.3.1
188 silly currentTree +-- flutterwave@2.2.7
188 silly currentTree | +-- qs@6.2.3
188 silly currentTree | `-- request@2.74.0
188 silly currentTree +-- foreach@2.0.5
188 silly currentTree +-- forever-agent@0.6.1
188 silly currentTree +-- form-data@1.0.1
188 silly currentTree | +-- async@2.6.0
188 silly currentTree | `-- lodash@4.17.4
188 silly currentTree +-- forwarded@0.1.2
188 silly currentTree +-- fresh@0.5.2
188 silly currentTree +-- function-bind@1.1.1
188 silly currentTree +-- generate-function@2.0.0
188 silly currentTree +-- generate-object-property@1.2.0
188 silly currentTree +-- getpass@0.1.7
188 silly currentTree | `-- assert-plus@1.0.0
188 silly currentTree +-- glob@3.2.11
188 silly currentTree +-- graceful-fs@4.1.11
188 silly currentTree +-- handlebars@1.3.0
188 silly currentTree +-- har-schema@2.0.0
188 silly currentTree +-- har-validator@2.0.6
188 silly currentTree +-- has-ansi@2.0.0
188 silly currentTree +-- has-binary2@1.0.2
188 silly currentTree | `-- isarray@2.0.1
188 silly currentTree +-- has-cors@1.1.0
188 silly currentTree +-- has-symbols@1.0.0
188 silly currentTree +-- hawk@3.1.3
188 silly currentTree +-- hoek@2.16.3
188 silly currentTree +-- hooks-fixed@2.0.2
188 silly currentTree +-- http-errors@1.6.2
188 silly currentTree +-- http-signature@1.1.1
188 silly currentTree +-- httpntlm@1.6.1
188 silly currentTree +-- httpreq@0.4.24
188 silly currentTree +-- iconv-lite@0.4.19
188 silly currentTree +-- indexof@0.0.1
188 silly currentTree +-- inflight@1.0.6
188 silly currentTree +-- inherits@2.0.3
188 silly currentTree +-- ipaddr.js@1.5.2
188 silly currentTree +-- is-buffer@1.1.6
188 silly currentTree +-- is-my-json-valid@2.17.1
188 silly currentTree +-- is-property@1.0.2
188 silly currentTree +-- is-typedarray@1.0.0
188 silly currentTree +-- isarray@1.0.0
188 silly currentTree +-- isstream@0.1.2
188 silly currentTree +-- jsbn@0.1.1
188 silly currentTree +-- json-schema-traverse@0.3.1
188 silly currentTree +-- json-schema@0.2.3
188 silly currentTree +-- json-stringify-safe@5.0.1
188 silly currentTree +-- jsonpointer@4.0.1
188 silly currentTree +-- jsonwebtoken@8.1.0
188 silly currentTree +-- jsprim@1.4.1
188 silly currentTree | `-- assert-plus@1.0.0
188 silly currentTree +-- jwa@1.1.5
188 silly currentTree +-- jws@3.1.4
188 silly currentTree +-- kareem@1.5.0
188 silly currentTree +-- kind-of@3.2.2
188 silly currentTree +-- lazy-cache@1.0.4
188 silly currentTree +-- libbase64@0.1.0
188 silly currentTree +-- libmime@2.1.3
188 silly currentTree | `-- iconv-lite@0.4.15
188 silly currentTree +-- libqp@1.1.0
188 silly currentTree +-- lodash.get@4.4.2
188 silly currentTree +-- lodash.includes@4.3.0
188 silly currentTree +-- lodash.isboolean@3.0.3
188 silly currentTree +-- lodash.isinteger@4.0.4
188 silly currentTree +-- lodash.isnumber@3.0.3
188 silly currentTree +-- lodash.isplainobject@4.0.6
188 silly currentTree +-- lodash.isstring@4.0.1
188 silly currentTree +-- lodash.once@4.1.1
188 silly currentTree +-- lodash@1.0.2
188 silly currentTree +-- longest@1.0.1
188 silly currentTree +-- lru-cache@2.7.3
188 silly currentTree +-- mailcomposer@3.12.0
188 silly currentTree | +-- iconv-lite@0.4.13
188 silly currentTree | `-- libmime@2.1.0
188 silly currentTree +-- media-typer@0.3.0
188 silly currentTree +-- merge-descriptors@1.0.1
188 silly currentTree +-- methods@1.1.2
188 silly currentTree +-- mime-db@1.30.0
188 silly currentTree +-- mime-types@2.1.17
188 silly currentTree +-- mime@1.4.1
188 silly currentTree +-- minimatch@0.3.0
188 silly currentTree +-- minimist@0.0.10
188 silly currentTree +-- mkdirp@0.3.5
188 silly currentTree +-- moment@2.20.1
188 silly currentTree +-- mongodb-core@2.1.18
188 silly currentTree +-- mongodb@2.2.34
188 silly currentTree | +-- readable-stream@2.2.7
188 silly currentTree | `-- string_decoder@1.0.3
188 silly currentTree +-- mongoose-auto-increment@5.0.1
188 silly currentTree +-- mongoose-seeder@1.2.1
188 silly currentTree | +-- async@0.9.2
188 silly currentTree | `-- lodash@3.10.1
188 silly currentTree +-- mongoose@4.13.8
188 silly currentTree | +-- async@2.1.4
188 silly currentTree | +-- lodash@4.17.4
188 silly currentTree | +-- mongodb-core@2.1.17
188 silly currentTree | +-- mongodb@2.2.33
188 silly currentTree | +-- readable-stream@2.2.7
188 silly currentTree | `-- string_decoder@1.0.3
188 silly currentTree +-- morgan@1.9.0
188 silly currentTree +-- mpath@0.3.0
188 silly currentTree +-- mpromise@0.5.5
188 silly currentTree +-- mquery@2.3.3
188 silly currentTree | +-- bluebird@3.5.0
188 silly currentTree | `-- sliced@0.0.5
188 silly currentTree +-- ms@2.0.0
188 silly currentTree +-- multer@0.1.8
188 silly currentTree | +-- mime-db@1.12.0
188 silly currentTree | +-- mime-types@2.0.14
188 silly currentTree | +-- qs@1.2.2
188 silly currentTree | `-- type-is@1.5.7
188 silly currentTree +-- muri@1.3.0
188 silly currentTree +-- negotiator@0.6.1
188 silly currentTree +-- node-cmd@3.0.0
188 silly currentTree +-- node-command-line@1.0.2
188 silly currentTree +-- node-forge@0.6.42
188 silly currentTree +-- node-uuid@1.4.8
188 silly currentTree +-- nodemailer-express-handlebars@2.0.0
188 silly currentTree +-- nodemailer-fetch@1.6.0
188 silly currentTree +-- nodemailer-shared@1.1.0
188 silly currentTree +-- nodemailer-smtp-transport@2.7.4
188 silly currentTree +-- nodemailer-wellknown@0.1.10
188 silly currentTree +-- nodemailer@4.4.1
188 silly currentTree +-- oauth-sign@0.8.2
188 silly currentTree +-- object-assign@4.1.1
188 silly currentTree +-- object-component@0.0.3
188 silly currentTree +-- object-keys@1.0.11
188 silly currentTree +-- object.assign@4.1.0
188 silly currentTree +-- on-finished@2.3.0
188 silly currentTree +-- on-headers@1.0.1
188 silly currentTree +-- once@1.4.0
188 silly currentTree +-- optimist@0.3.7
188 silly currentTree +-- parseqs@0.0.5
188 silly currentTree +-- parseuri@0.0.5
188 silly currentTree +-- parseurl@1.3.2
188 silly currentTree +-- passport-local@1.0.0
188 silly currentTree +-- passport-strategy@1.0.0
188 silly currentTree +-- passport@0.3.2
188 silly currentTree +-- path-is-absolute@1.0.1
188 silly currentTree +-- path-to-regexp@0.1.7
188 silly currentTree +-- path@0.12.7
188 silly currentTree +-- pause@0.0.1
188 silly currentTree +-- performance-now@2.1.0
188 silly currentTree +-- pinkie-promise@2.0.1
188 silly currentTree +-- pinkie@2.0.4
188 silly currentTree +-- process-nextick-args@1.0.7
188 silly currentTree +-- process@0.11.10
188 silly currentTree +-- promise@7.3.1
188 silly currentTree +-- proxy-addr@2.0.2
188 silly currentTree +-- punycode@1.4.1
188 silly currentTree +-- q@1.5.1
188 silly currentTree +-- qs@6.5.1
188 silly currentTree +-- random-bytes@1.0.0
188 silly currentTree +-- range-parser@1.2.0
188 silly currentTree +-- raw-body@2.3.2
188 silly currentTree +-- readable-stream@2.0.6
188 silly currentTree +-- regexp-clone@0.0.1
188 silly currentTree +-- repeat-string@1.6.1
188 silly currentTree +-- request@2.83.0
188 silly currentTree | +-- assert-plus@1.0.0
188 silly currentTree | +-- aws-sign2@0.7.0
188 silly currentTree | +-- boom@4.3.1
188 silly currentTree | +-- caseless@0.12.0
188 silly currentTree | +-- cryptiles@3.1.2
188 silly currentTree | | `-- boom@5.2.0
188 silly currentTree | +-- form-data@2.3.1
188 silly currentTree | +-- har-validator@5.0.3
188 silly currentTree | +-- hawk@6.0.2
188 silly currentTree | +-- hoek@4.2.0
188 silly currentTree | +-- http-signature@1.2.0
188 silly currentTree | +-- sntp@2.1.0
188 silly currentTree | +-- tunnel-agent@0.6.0
188 silly currentTree | `-- uuid@3.1.0
188 silly currentTree +-- require_optional@1.0.1
188 silly currentTree | `-- semver@5.4.1
188 silly currentTree +-- resolve-from@2.0.0
188 silly currentTree +-- right-align@0.1.3
188 silly currentTree +-- router@1.3.2
188 silly currentTree | +-- array-flatten@2.1.1
188 silly currentTree | `-- setprototypeof@1.1.0
188 silly currentTree +-- safe-buffer@5.1.1
188 silly currentTree +-- semver@2.3.2
188 silly currentTree +-- send@0.16.1
188 silly currentTree | `-- statuses@1.3.1
188 silly currentTree +-- sendmail@1.2.0
188 silly currentTree +-- serve-static@1.13.1
188 silly currentTree +-- setprototypeof@1.0.3
188 silly currentTree +-- shortid@2.2.8
188 silly currentTree +-- sigmund@1.0.1
188 silly currentTree +-- sliced@1.0.1
188 silly currentTree +-- smtp-connection@2.12.0
188 silly currentTree +-- sntp@1.0.9
188 silly currentTree +-- socket.io-adapter@1.1.1
188 silly currentTree +-- socket.io-client@2.0.4
188 silly currentTree +-- socket.io-parser@3.1.2
188 silly currentTree | `-- isarray@2.0.1
188 silly currentTree +-- socket.io@2.0.4
188 silly currentTree +-- source-map@0.1.43
188 silly currentTree +-- ssh2-streams@0.1.20
188 silly currentTree | `-- semver@5.5.0
188 silly currentTree +-- ssh2@0.5.5
188 silly currentTree +-- ssh2shell@1.8.6
188 silly currentTree +-- sshpk@1.13.1
188 silly currentTree | `-- assert-plus@1.0.0
188 silly currentTree +-- statuses@1.4.0
188 silly currentTree +-- streamsearch@0.1.2
188 silly currentTree +-- string_decoder@0.10.31
188 silly currentTree +-- stringstream@0.0.5
188 silly currentTree +-- strip-ansi@3.0.1
188 silly currentTree +-- supports-color@2.0.0
188 silly currentTree +-- to-array@0.1.4
188 silly currentTree +-- tough-cookie@2.3.3
188 silly currentTree +-- tunnel-agent@0.4.3
188 silly currentTree +-- tweetnacl@0.14.5
188 silly currentTree +-- type-is@1.6.15
188 silly currentTree +-- uglify-js@2.3.6
188 silly currentTree +-- uglify-to-browserify@1.0.2
188 silly currentTree +-- uid-safe@2.1.5
188 silly currentTree +-- ultron@1.1.1
188 silly currentTree +-- underscore@1.7.0
188 silly currentTree +-- unpipe@1.0.0
188 silly currentTree +-- utf8@2.1.1
188 silly currentTree +-- util-deprecate@1.0.2
188 silly currentTree +-- util@0.10.3
188 silly currentTree | `-- inherits@2.0.1
188 silly currentTree +-- utils-merge@1.0.1
188 silly currentTree +-- uws@0.14.5
188 silly currentTree +-- vary@1.1.2
188 silly currentTree +-- verror@1.10.0
188 silly currentTree | `-- assert-plus@1.0.0
188 silly currentTree +-- window-size@0.1.0
188 silly currentTree +-- wordwrap@0.0.3
188 silly currentTree +-- wrappy@1.0.2
188 silly currentTree +-- ws@3.3.3
188 silly currentTree +-- xmlhttprequest-ssl@1.5.4
188 silly currentTree +-- xtend@4.0.1
188 silly currentTree +-- yargs@3.10.0
188 silly currentTree `-- yeast@0.1.2
189 silly idealTree DMS@1.0.0
189 silly idealTree +-- accepts@1.3.4
189 silly idealTree +-- addressparser@1.0.1
189 silly idealTree +-- after@0.8.2
189 silly idealTree +-- ajv@5.5.2
189 silly idealTree +-- align-text@0.1.4
189 silly idealTree +-- amdefine@1.0.1
189 silly idealTree +-- ansi-regex@2.1.1
189 silly idealTree +-- ansi-styles@2.2.1
189 silly idealTree +-- array-flatten@1.1.1
189 silly idealTree +-- arraybuffer.slice@0.0.7
189 silly idealTree +-- asap@2.0.6
189 silly idealTree +-- asn1@0.2.3
189 silly idealTree +-- assert-plus@0.2.0
189 silly idealTree +-- async-limiter@1.0.0
189 silly idealTree +-- async@0.2.10
189 silly idealTree +-- asynckit@0.4.0
189 silly idealTree +-- aws-sign2@0.6.0
189 silly idealTree +-- aws4@1.6.0
189 silly idealTree +-- backo2@1.0.2
189 silly idealTree +-- balanced-match@1.0.0
189 silly idealTree +-- base64-arraybuffer@0.1.5
189 silly idealTree +-- base64id@1.0.0
189 silly idealTree +-- base64url@2.0.0
189 silly idealTree +-- basic-auth@2.0.0
189 silly idealTree +-- bcrypt-nodejs@0.0.3
189 silly idealTree +-- bcrypt-pbkdf@1.0.1
189 silly idealTree +-- better-assert@1.0.2
189 silly idealTree +-- bitbucket-api@0.1.0
189 silly idealTree +-- bl@1.1.2
189 silly idealTree +-- blob@0.0.4
189 silly idealTree +-- bluebird@3.5.1
189 silly idealTree +-- body-parser@1.18.2
189 silly idealTree +-- boom@2.10.1
189 silly idealTree +-- brace-expansion@1.1.8
189 silly idealTree +-- bson@1.0.4
189 silly idealTree +-- buffer-equal-constant-time@1.0.1
189 silly idealTree +-- buffer-shims@1.0.0
189 silly idealTree +-- buildmail@3.10.0
189 silly idealTree | +-- iconv-lite@0.4.13
189 silly idealTree | `-- libmime@2.1.0
189 silly idealTree +-- busboy@0.2.14
189 silly idealTree | +-- isarray@0.0.1
189 silly idealTree | `-- readable-stream@1.1.14
189 silly idealTree +-- bytes@3.0.0
189 silly idealTree +-- callsite@1.0.0
189 silly idealTree +-- camelcase@1.2.1
189 silly idealTree +-- caseless@0.11.0
189 silly idealTree +-- center-align@0.1.3
189 silly idealTree +-- chalk@1.1.3
189 silly idealTree +-- cliui@2.1.0
189 silly idealTree | `-- wordwrap@0.0.2
189 silly idealTree +-- co@4.6.0
189 silly idealTree +-- combined-stream@1.0.5
189 silly idealTree +-- commander@2.12.2
189 silly idealTree +-- component-bind@1.0.0
189 silly idealTree +-- component-emitter@1.2.1
189 silly idealTree +-- component-inherit@0.0.3
189 silly idealTree +-- concat-map@0.0.1
189 silly idealTree +-- connect-flash@0.1.1
189 silly idealTree +-- content-disposition@0.5.2
189 silly idealTree +-- content-type@1.0.4
189 silly idealTree +-- cookie-parser@1.4.3
189 silly idealTree +-- cookie-signature@1.0.6
189 silly idealTree +-- cookie@0.3.1
189 silly idealTree +-- core-util-is@1.0.2
189 silly idealTree +-- cors@2.8.4
189 silly idealTree +-- crc@3.4.4
189 silly idealTree +-- cryptiles@2.0.5
189 silly idealTree +-- crypto-js@3.1.6
189 silly idealTree +-- csvjson@4.3.4
189 silly idealTree +-- curl@0.1.4
189 silly idealTree +-- dashdash@1.14.1
189 silly idealTree | `-- assert-plus@1.0.0
189 silly idealTree +-- debug@2.6.9
189 silly idealTree +-- decamelize@1.2.0
189 silly idealTree +-- define-properties@1.1.2
189 silly idealTree +-- delayed-stream@1.0.0
189 silly idealTree +-- depd@1.1.1
189 silly idealTree +-- destroy@1.0.4
189 silly idealTree +-- dicer@0.2.5
189 silly idealTree | +-- isarray@0.0.1
189 silly idealTree | `-- readable-stream@1.1.14
189 silly idealTree +-- directory-structure-json@1.0.0
189 silly idealTree +-- dkim-signer@0.2.2
189 silly idealTree +-- ecc-jsbn@0.1.1
189 silly idealTree +-- ecdsa-sig-formatter@1.0.9
189 silly idealTree +-- ee-first@1.1.1
189 silly idealTree +-- ejs@2.5.7
189 silly idealTree +-- encodeurl@1.0.1
189 silly idealTree +-- engine.io-client@3.1.4
189 silly idealTree +-- engine.io-parser@2.1.2
189 silly idealTree +-- engine.io@3.1.4
189 silly idealTree | `-- accepts@1.3.3
189 silly idealTree +-- es6-promise@3.2.1
189 silly idealTree +-- escape-html@1.0.3
189 silly idealTree +-- escape-string-regexp@1.0.5
189 silly idealTree +-- etag@1.8.1
189 silly idealTree +-- express-handlebars@3.0.0
189 silly idealTree | +-- async@1.5.2
189 silly idealTree | +-- glob@6.0.4
189 silly idealTree | +-- handlebars@4.0.11
189 silly idealTree | +-- minimatch@3.0.4
189 silly idealTree | +-- optimist@0.6.1
189 silly idealTree | +-- source-map@0.4.4
189 silly idealTree | `-- uglify-js@2.8.29
189 silly idealTree |   `-- source-map@0.5.7
189 silly idealTree +-- express-session@1.15.6
189 silly idealTree +-- express@4.16.2
189 silly idealTree | +-- setprototypeof@1.1.0
189 silly idealTree | `-- statuses@1.3.1
189 silly idealTree +-- express3-handlebars@0.5.2
189 silly idealTree +-- extend@3.0.1
189 silly idealTree +-- extsprintf@1.3.0
189 silly idealTree +-- fast-deep-equal@1.0.0
189 silly idealTree +-- fast-json-stable-stringify@2.0.0
189 silly idealTree +-- fileupload@1.0.0
189 silly idealTree | `-- mime@1.2.11
189 silly idealTree +-- finalhandler@1.1.0
189 silly idealTree | `-- statuses@1.3.1
189 silly idealTree +-- flutterwave@2.2.7
189 silly idealTree | +-- qs@6.2.3
189 silly idealTree | `-- request@2.74.0
189 silly idealTree +-- foreach@2.0.5
189 silly idealTree +-- forever-agent@0.6.1
189 silly idealTree +-- form-data@1.0.1
189 silly idealTree | +-- async@2.6.0
189 silly idealTree | `-- lodash@4.17.4
189 silly idealTree +-- forwarded@0.1.2
189 silly idealTree +-- fresh@0.5.2
189 silly idealTree +-- function-bind@1.1.1
189 silly idealTree +-- generate-function@2.0.0
189 silly idealTree +-- generate-object-property@1.2.0
189 silly idealTree +-- getpass@0.1.7
189 silly idealTree | `-- assert-plus@1.0.0
189 silly idealTree +-- glob@3.2.11
189 silly idealTree +-- graceful-fs@4.1.11
189 silly idealTree +-- handlebars@1.3.0
189 silly idealTree +-- har-schema@2.0.0
189 silly idealTree +-- har-validator@2.0.6
189 silly idealTree +-- has-ansi@2.0.0
189 silly idealTree +-- has-binary2@1.0.2
189 silly idealTree | `-- isarray@2.0.1
189 silly idealTree +-- has-cors@1.1.0
189 silly idealTree +-- has-symbols@1.0.0
189 silly idealTree +-- hawk@3.1.3
189 silly idealTree +-- hoek@2.16.3
189 silly idealTree +-- hooks-fixed@2.0.2
189 silly idealTree +-- http-errors@1.6.2
189 silly idealTree +-- http-signature@1.1.1
189 silly idealTree +-- httpntlm@1.6.1
189 silly idealTree +-- httpreq@0.4.24
189 silly idealTree +-- iconv-lite@0.4.19
189 silly idealTree +-- indexof@0.0.1
189 silly idealTree +-- inflight@1.0.6
189 silly idealTree +-- inherits@2.0.3
189 silly idealTree +-- ipaddr.js@1.5.2
189 silly idealTree +-- is-buffer@1.1.6
189 silly idealTree +-- is-my-json-valid@2.17.1
189 silly idealTree +-- is-property@1.0.2
189 silly idealTree +-- is-typedarray@1.0.0
189 silly idealTree +-- isarray@1.0.0
189 silly idealTree +-- isstream@0.1.2
189 silly idealTree +-- jsbn@0.1.1
189 silly idealTree +-- json-schema-traverse@0.3.1
189 silly idealTree +-- json-schema@0.2.3
189 silly idealTree +-- json-stringify-safe@5.0.1
189 silly idealTree +-- jsonpointer@4.0.1
189 silly idealTree +-- jsonwebtoken@8.1.0
189 silly idealTree +-- jsprim@1.4.1
189 silly idealTree | `-- assert-plus@1.0.0
189 silly idealTree +-- jwa@1.1.5
189 silly idealTree +-- jws@3.1.4
189 silly idealTree +-- kareem@1.5.0
189 silly idealTree +-- kind-of@3.2.2
189 silly idealTree +-- lazy-cache@1.0.4
189 silly idealTree +-- libbase64@0.1.0
189 silly idealTree +-- libmime@2.1.3
189 silly idealTree | `-- iconv-lite@0.4.15
189 silly idealTree +-- libqp@1.1.0
189 silly idealTree +-- lodash.get@4.4.2
189 silly idealTree +-- lodash.includes@4.3.0
189 silly idealTree +-- lodash.isboolean@3.0.3
189 silly idealTree +-- lodash.isinteger@4.0.4
189 silly idealTree +-- lodash.isnumber@3.0.3
189 silly idealTree +-- lodash.isplainobject@4.0.6
189 silly idealTree +-- lodash.isstring@4.0.1
189 silly idealTree +-- lodash.once@4.1.1
189 silly idealTree +-- lodash@1.0.2
189 silly idealTree +-- longest@1.0.1
189 silly idealTree +-- lru-cache@2.7.3
189 silly idealTree +-- mailcomposer@3.12.0
189 silly idealTree | +-- iconv-lite@0.4.13
189 silly idealTree | `-- libmime@2.1.0
189 silly idealTree +-- media-typer@0.3.0
189 silly idealTree +-- merge-descriptors@1.0.1
189 silly idealTree +-- methods@1.1.2
189 silly idealTree +-- mime-db@1.30.0
189 silly idealTree +-- mime-types@2.1.17
189 silly idealTree +-- mime@1.4.1
189 silly idealTree +-- minimatch@0.3.0
189 silly idealTree +-- minimist@0.0.10
189 silly idealTree +-- mkdirp@0.3.5
189 silly idealTree +-- moment@2.20.1
189 silly idealTree +-- mongodb-core@2.1.18
189 silly idealTree +-- mongodb@2.2.34
189 silly idealTree | +-- readable-stream@2.2.7
189 silly idealTree | `-- string_decoder@1.0.3
189 silly idealTree +-- mongoose-auto-increment@5.0.1
189 silly idealTree +-- mongoose-seeder@1.2.1
189 silly idealTree | +-- async@0.9.2
189 silly idealTree | `-- lodash@3.10.1
189 silly idealTree +-- mongoose@4.13.8
189 silly idealTree | +-- async@2.1.4
189 silly idealTree | +-- lodash@4.17.4
189 silly idealTree | +-- mongodb-core@2.1.17
189 silly idealTree | +-- mongodb@2.2.33
189 silly idealTree | +-- readable-stream@2.2.7
189 silly idealTree | `-- string_decoder@1.0.3
189 silly idealTree +-- morgan@1.9.0
189 silly idealTree +-- mpath@0.3.0
189 silly idealTree +-- mpromise@0.5.5
189 silly idealTree +-- mquery@2.3.3
189 silly idealTree | +-- bluebird@3.5.0
189 silly idealTree | `-- sliced@0.0.5
189 silly idealTree +-- ms@2.0.0
189 silly idealTree +-- multer@0.1.8
189 silly idealTree | +-- mime-db@1.12.0
189 silly idealTree | +-- mime-types@2.0.14
189 silly idealTree | +-- qs@1.2.2
189 silly idealTree | `-- type-is@1.5.7
189 silly idealTree +-- muri@1.3.0
189 silly idealTree +-- nan@2.3.5
189 silly idealTree +-- negotiator@0.6.1
189 silly idealTree +-- node-cmd@3.0.0
189 silly idealTree +-- node-command-line@1.0.2
189 silly idealTree +-- node-forge@0.6.42
189 silly idealTree +-- node-uuid@1.4.8
189 silly idealTree +-- nodemailer-express-handlebars@2.0.0
189 silly idealTree +-- nodemailer-fetch@1.6.0
189 silly idealTree +-- nodemailer-shared@1.1.0
189 silly idealTree +-- nodemailer-smtp-transport@2.7.4
189 silly idealTree +-- nodemailer-wellknown@0.1.10
189 silly idealTree +-- nodemailer@4.4.1
189 silly idealTree +-- oauth-sign@0.8.2
189 silly idealTree +-- object-assign@4.1.1
189 silly idealTree +-- object-component@0.0.3
189 silly idealTree +-- object-keys@1.0.11
189 silly idealTree +-- object.assign@4.1.0
189 silly idealTree +-- on-finished@2.3.0
189 silly idealTree +-- on-headers@1.0.1
189 silly idealTree +-- once@1.4.0
189 silly idealTree +-- optimist@0.3.7
189 silly idealTree +-- parseqs@0.0.5
189 silly idealTree +-- parseuri@0.0.5
189 silly idealTree +-- parseurl@1.3.2
189 silly idealTree +-- passport-local@1.0.0
189 silly idealTree +-- passport-strategy@1.0.0
189 silly idealTree +-- passport@0.3.2
189 silly idealTree +-- path-is-absolute@1.0.1
189 silly idealTree +-- path-to-regexp@0.1.7
189 silly idealTree +-- path@0.12.7
189 silly idealTree +-- pause@0.0.1
189 silly idealTree +-- performance-now@2.1.0
189 silly idealTree +-- pinkie-promise@2.0.1
189 silly idealTree +-- pinkie@2.0.4
189 silly idealTree +-- process-nextick-args@1.0.7
189 silly idealTree +-- process@0.11.10
189 silly idealTree +-- promise@7.3.1
189 silly idealTree +-- proxy-addr@2.0.2
189 silly idealTree +-- pty.js@0.3.1
189 silly idealTree | `-- extend@1.2.1
189 silly idealTree +-- punycode@1.4.1
189 silly idealTree +-- q@1.5.1
189 silly idealTree +-- qs@6.5.1
189 silly idealTree +-- random-bytes@1.0.0
189 silly idealTree +-- range-parser@1.2.0
189 silly idealTree +-- raw-body@2.3.2
189 silly idealTree +-- readable-stream@2.0.6
189 silly idealTree +-- regexp-clone@0.0.1
189 silly idealTree +-- repeat-string@1.6.1
189 silly idealTree +-- request@2.83.0
189 silly idealTree | +-- assert-plus@1.0.0
189 silly idealTree | +-- aws-sign2@0.7.0
189 silly idealTree | +-- boom@4.3.1
189 silly idealTree | +-- caseless@0.12.0
189 silly idealTree | +-- cryptiles@3.1.2
189 silly idealTree | | `-- boom@5.2.0
189 silly idealTree | +-- form-data@2.3.1
189 silly idealTree | +-- har-validator@5.0.3
189 silly idealTree | +-- hawk@6.0.2
189 silly idealTree | +-- hoek@4.2.0
189 silly idealTree | +-- http-signature@1.2.0
189 silly idealTree | +-- sntp@2.1.0
189 silly idealTree | +-- tunnel-agent@0.6.0
189 silly idealTree | `-- uuid@3.1.0
189 silly idealTree +-- require_optional@1.0.1
189 silly idealTree | `-- semver@5.4.1
189 silly idealTree +-- resolve-from@2.0.0
189 silly idealTree +-- right-align@0.1.3
189 silly idealTree +-- router@1.3.2
189 silly idealTree | +-- array-flatten@2.1.1
189 silly idealTree | `-- setprototypeof@1.1.0
189 silly idealTree +-- safe-buffer@5.1.1
189 silly idealTree +-- semver@2.3.2
189 silly idealTree +-- send@0.16.1
189 silly idealTree | `-- statuses@1.3.1
189 silly idealTree +-- sendmail@1.2.0
189 silly idealTree +-- serve-static@1.13.1
189 silly idealTree +-- setprototypeof@1.0.3
189 silly idealTree +-- shortid@2.2.8
189 silly idealTree +-- sigmund@1.0.1
189 silly idealTree +-- sliced@1.0.1
189 silly idealTree +-- smtp-connection@2.12.0
189 silly idealTree +-- sntp@1.0.9
189 silly idealTree +-- socket.io-adapter@1.1.1
189 silly idealTree +-- socket.io-client@2.0.4
189 silly idealTree +-- socket.io-parser@3.1.2
189 silly idealTree | `-- isarray@2.0.1
189 silly idealTree +-- socket.io@2.0.4
189 silly idealTree +-- source-map@0.1.43
189 silly idealTree +-- ssh2-streams@0.1.20
189 silly idealTree | `-- semver@5.5.0
189 silly idealTree +-- ssh2@0.5.5
189 silly idealTree +-- ssh2shell@1.8.6
189 silly idealTree +-- sshpk@1.13.1
189 silly idealTree | `-- assert-plus@1.0.0
189 silly idealTree +-- statuses@1.4.0
189 silly idealTree +-- streamsearch@0.1.2
189 silly idealTree +-- string_decoder@0.10.31
189 silly idealTree +-- stringstream@0.0.5
189 silly idealTree +-- strip-ansi@3.0.1
189 silly idealTree +-- supports-color@2.0.0
189 silly idealTree +-- thumbnail@0.1.9
189 silly idealTree +-- to-array@0.1.4
189 silly idealTree +-- tough-cookie@2.3.3
189 silly idealTree +-- tunnel-agent@0.4.3
189 silly idealTree +-- tweetnacl@0.14.5
189 silly idealTree +-- type-is@1.6.15
189 silly idealTree +-- uglify-js@2.3.6
189 silly idealTree +-- uglify-to-browserify@1.0.2
189 silly idealTree +-- uid-safe@2.1.5
189 silly idealTree +-- ultron@1.1.1
189 silly idealTree +-- underscore@1.7.0
189 silly idealTree +-- unpipe@1.0.0
189 silly idealTree +-- utf8@2.1.1
189 silly idealTree +-- util-deprecate@1.0.2
189 silly idealTree +-- util@0.10.3
189 silly idealTree | `-- inherits@2.0.1
189 silly idealTree +-- utils-merge@1.0.1
189 silly idealTree +-- uws@0.14.5
189 silly idealTree +-- vary@1.1.2
189 silly idealTree +-- verror@1.10.0
189 silly idealTree | `-- assert-plus@1.0.0
189 silly idealTree +-- window-size@0.1.0
189 silly idealTree +-- wordwrap@0.0.3
189 silly idealTree +-- wrappy@1.0.2
189 silly idealTree +-- ws@3.3.3
189 silly idealTree +-- xmlhttprequest-ssl@1.5.4
189 silly idealTree +-- xtend@4.0.1
189 silly idealTree +-- yargs@3.10.0
189 silly idealTree `-- yeast@0.1.2
190 silly generateActionsToTake Starting
191 silly install generateActionsToTake
192 silly generateActionsToTake Finishing
193 silly diffTrees action count 4
194 silly diffTrees add nan@2.3.5
195 silly diffTrees add extend@1.2.1
196 silly diffTrees add pty.js@0.3.1
197 silly diffTrees add thumbnail@0.1.9
198 silly decomposeActions action count 32
199 silly decomposeActions fetch nan@2.3.5
200 silly decomposeActions extract nan@2.3.5
201 silly decomposeActions test nan@2.3.5
202 silly decomposeActions preinstall nan@2.3.5
203 silly decomposeActions build nan@2.3.5
204 silly decomposeActions install nan@2.3.5
205 silly decomposeActions postinstall nan@2.3.5
206 silly decomposeActions finalize nan@2.3.5
207 silly decomposeActions fetch extend@1.2.1
208 silly decomposeActions extract extend@1.2.1
209 silly decomposeActions test extend@1.2.1
210 silly decomposeActions preinstall extend@1.2.1
211 silly decomposeActions build extend@1.2.1
212 silly decomposeActions install extend@1.2.1
213 silly decomposeActions postinstall extend@1.2.1
214 silly decomposeActions finalize extend@1.2.1
215 silly decomposeActions fetch pty.js@0.3.1
216 silly decomposeActions extract pty.js@0.3.1
217 silly decomposeActions test pty.js@0.3.1
218 silly decomposeActions preinstall pty.js@0.3.1
219 silly decomposeActions build pty.js@0.3.1
220 silly decomposeActions install pty.js@0.3.1
221 silly decomposeActions postinstall pty.js@0.3.1
222 silly decomposeActions finalize pty.js@0.3.1
223 silly decomposeActions fetch thumbnail@0.1.9
224 silly decomposeActions extract thumbnail@0.1.9
225 silly decomposeActions test thumbnail@0.1.9
226 silly decomposeActions preinstall thumbnail@0.1.9
227 silly decomposeActions build thumbnail@0.1.9
228 silly decomposeActions install thumbnail@0.1.9
229 silly decomposeActions postinstall thumbnail@0.1.9
230 silly decomposeActions finalize thumbnail@0.1.9
231 silly runTopLevelLifecycles Starting
232 silly install runPreinstallTopLevelLifecycles
233 silly preinstall DMS@1.0.0 C:\xampp\htdocs\zeedas\DMS-39b57b71
234 info lifecycle DMS@1.0.0~preinstall: DMS@1.0.0
235 silly lifecycle DMS@1.0.0~preinstall: no script for preinstall, continuing
236 silly executeActions Starting
237 silly install executeActions
238 silly doSerial global-install 0
239 silly doParallel fetch 4
240 verbose correctMkdir C:\Users\HP ENVY\AppData\Roaming\npm-cache\_locks correctMkdir not in flight; initializing
241 verbose lock using C:\Users\HP ENVY\AppData\Roaming\npm-cache\_locks\staging-5b35dac13ef3d2d7.lock for C:\xampp\htdocs\zeedas\node_modules\.staging
242 silly doParallel extract 4
243 silly extract nan@2.3.5
244 silly extract extend@1.2.1
245 silly extract pty.js@0.3.1
246 silly extract thumbnail@0.1.9
247 verbose unbuild node_modules\.staging\nan-b99e8fad
248 verbose unbuild node_modules\.staging\extend-acc26be9
249 verbose unbuild node_modules\.staging\pty.js-50ac452b
250 verbose unbuild node_modules\.staging\thumbnail-d67123f6
251 silly gentlyRm C:\xampp\htdocs\zeedas\node_modules\.staging\nan-b99e8fad is being purged from base C:\xampp\htdocs\zeedas
252 verbose gentlyRm don't care about contents; nuking C:\xampp\htdocs\zeedas\node_modules\.staging\nan-b99e8fad
253 silly gentlyRm C:\xampp\htdocs\zeedas\node_modules\.staging\extend-acc26be9 is being purged from base C:\xampp\htdocs\zeedas
254 verbose gentlyRm don't care about contents; nuking C:\xampp\htdocs\zeedas\node_modules\.staging\extend-acc26be9
255 silly gentlyRm C:\xampp\htdocs\zeedas\node_modules\.staging\pty.js-50ac452b is being purged from base C:\xampp\htdocs\zeedas
256 verbose gentlyRm don't care about contents; nuking C:\xampp\htdocs\zeedas\node_modules\.staging\pty.js-50ac452b
257 verbose tar unpack C:\Users\HP ENVY\AppData\Roaming\npm-cache\nan\2.3.5\package.tgz
258 verbose tar unpacking to C:\xampp\htdocs\zeedas\node_modules\.staging\nan-b99e8fad
259 silly gentlyRm C:\xampp\htdocs\zeedas\node_modules\.staging\nan-b99e8fad is being purged
260 verbose gentlyRm don't care about contents; nuking C:\xampp\htdocs\zeedas\node_modules\.staging\nan-b99e8fad
261 verbose tar unpack C:\Users\HP ENVY\AppData\Roaming\npm-cache\extend\1.2.1\package.tgz
262 verbose tar unpacking to C:\xampp\htdocs\zeedas\node_modules\.staging\extend-acc26be9
263 silly gentlyRm C:\xampp\htdocs\zeedas\node_modules\.staging\extend-acc26be9 is being purged
264 verbose gentlyRm don't care about contents; nuking C:\xampp\htdocs\zeedas\node_modules\.staging\extend-acc26be9
265 verbose tar unpack C:\Users\HP ENVY\AppData\Roaming\npm-cache\pty.js\0.3.1\package.tgz
266 verbose tar unpacking to C:\xampp\htdocs\zeedas\node_modules\.staging\pty.js-50ac452b
267 silly gentlyRm C:\xampp\htdocs\zeedas\node_modules\.staging\pty.js-50ac452b is being purged
268 verbose gentlyRm don't care about contents; nuking C:\xampp\htdocs\zeedas\node_modules\.staging\pty.js-50ac452b
269 silly gentlyRm C:\xampp\htdocs\zeedas\node_modules\.staging\thumbnail-d67123f6 is being purged from base C:\xampp\htdocs\zeedas
270 verbose gentlyRm don't care about contents; nuking C:\xampp\htdocs\zeedas\node_modules\.staging\thumbnail-d67123f6
271 silly gunzTarPerm modes [ '777', '666' ]
272 silly gunzTarPerm modes [ '777', '666' ]
273 silly gunzTarPerm modes [ '777', '666' ]
274 verbose tar unpack C:\Users\HP ENVY\AppData\Roaming\npm-cache\thumbnail\0.1.9\package.tgz
275 verbose tar unpacking to C:\xampp\htdocs\zeedas\node_modules\.staging\thumbnail-d67123f6
276 silly gentlyRm C:\xampp\htdocs\zeedas\node_modules\.staging\thumbnail-d67123f6 is being purged
277 verbose gentlyRm don't care about contents; nuking C:\xampp\htdocs\zeedas\node_modules\.staging\thumbnail-d67123f6
278 silly gunzTarPerm modes [ '777', '666' ]
279 silly gunzTarPerm extractEntry package.json
280 silly gunzTarPerm modified mode [ 'package.json', 436, 438 ]
281 silly gunzTarPerm extractEntry package.json
282 silly gunzTarPerm modified mode [ 'package.json', 420, 438 ]
283 silly gunzTarPerm extractEntry package.json
284 silly gunzTarPerm modified mode [ 'package.json', 420, 438 ]
285 silly gunzTarPerm extractEntry package.json
286 silly gunzTarPerm modified mode [ 'package.json', 420, 438 ]
287 silly gunzTarPerm extractEntry README.md
288 silly gunzTarPerm modified mode [ 'README.md', 436, 438 ]
289 silly gunzTarPerm extractEntry .npmignore
290 silly gunzTarPerm modified mode [ '.npmignore', 420, 438 ]
291 silly gunzTarPerm extractEntry README.md
292 silly gunzTarPerm modified mode [ 'README.md', 420, 438 ]
293 silly gunzTarPerm extractEntry include_dirs.js
294 silly gunzTarPerm modified mode [ 'include_dirs.js', 436, 438 ]
295 silly gunzTarPerm extractEntry .npmignore
296 silly gunzTarPerm modified mode [ '.npmignore', 420, 438 ]
297 silly gunzTarPerm extractEntry README.md
298 silly gunzTarPerm modified mode [ 'README.md', 420, 438 ]
299 silly gunzTarPerm extractEntry .npmignore
300 silly gunzTarPerm modified mode [ '.npmignore', 420, 438 ]
301 silly gunzTarPerm extractEntry README.md
302 silly gunzTarPerm modified mode [ 'README.md', 420, 438 ]
303 silly gunzTarPerm extractEntry nan_converters.h
304 silly gunzTarPerm modified mode [ 'nan_converters.h', 436, 438 ]
305 silly gunzTarPerm extractEntry LICENSE.md
306 silly gunzTarPerm modified mode [ 'LICENSE.md', 436, 438 ]
307 silly gunzTarPerm extractEntry doc/node_misc.md
308 silly gunzTarPerm modified mode [ 'doc/node_misc.md', 436, 438 ]
309 silly gunzTarPerm extractEntry index.js
310 silly gunzTarPerm modified mode [ 'index.js', 420, 438 ]
311 silly gunzTarPerm extractEntry .travis.yml
312 silly gunzTarPerm modified mode [ '.travis.yml', 420, 438 ]
313 silly gunzTarPerm extractEntry LICENSE
314 silly gunzTarPerm modified mode [ 'LICENSE', 420, 438 ]
315 silly gunzTarPerm extractEntry index.js
316 silly gunzTarPerm modified mode [ 'index.js', 420, 438 ]
317 silly gunzTarPerm extractEntry LICENSE
318 silly gunzTarPerm modified mode [ 'LICENSE', 420, 438 ]
319 silly gunzTarPerm extractEntry main.js
320 silly gunzTarPerm modified mode [ 'main.js', 420, 438 ]
321 silly gunzTarPerm extractEntry doc/asyncworker.md
322 silly gunzTarPerm modified mode [ 'doc/asyncworker.md', 436, 438 ]
323 silly gunzTarPerm extractEntry binding.gyp
324 silly gunzTarPerm modified mode [ 'binding.gyp', 420, 438 ]
325 silly gunzTarPerm extractEntry lib/pty.js
326 silly gunzTarPerm modified mode [ 'lib/pty.js', 420, 438 ]
327 silly gunzTarPerm extractEntry ChangeLog
328 silly gunzTarPerm modified mode [ 'ChangeLog', 420, 438 ]
329 silly gunzTarPerm extractEntry test/main.js
330 silly gunzTarPerm modified mode [ 'test/main.js', 420, 438 ]
331 silly gunzTarPerm extractEntry doc/callback.md
332 silly gunzTarPerm modified mode [ 'doc/callback.md', 436, 438 ]
333 silly gunzTarPerm extractEntry doc/converters.md
334 silly gunzTarPerm modified mode [ 'doc/converters.md', 436, 438 ]
335 silly gunzTarPerm extractEntry lib/pty_win.js
336 silly gunzTarPerm modified mode [ 'lib/pty_win.js', 420, 438 ]
337 silly gunzTarPerm extractEntry test/fixtures/test.jpg
338 silly gunzTarPerm modified mode [ 'test/fixtures/test.jpg', 420, 438 ]
339 silly gunzTarPerm extractEntry doc/errors.md
340 silly gunzTarPerm modified mode [ 'doc/errors.md', 436, 438 ]
341 silly gunzTarPerm extractEntry doc/maybe_types.md
342 silly gunzTarPerm modified mode [ 'doc/maybe_types.md', 436, 438 ]
343 silly gunzTarPerm extractEntry Makefile
344 silly gunzTarPerm modified mode [ 'Makefile', 420, 438 ]
345 silly gunzTarPerm extractEntry src/unix/pty.cc
346 silly gunzTarPerm modified mode [ 'src/unix/pty.cc', 420, 438 ]
347 silly gunzTarPerm extractEntry doc/methods.md
348 silly gunzTarPerm modified mode [ 'doc/methods.md', 436, 438 ]
349 silly gunzTarPerm extractEntry doc/new.md
350 silly gunzTarPerm modified mode [ 'doc/new.md', 436, 438 ]
351 silly gunzTarPerm extractEntry src/win/pty.cc
352 silly gunzTarPerm modified mode [ 'src/win/pty.cc', 420, 438 ]
353 silly gunzTarPerm extractEntry wscript
354 silly gunzTarPerm modified mode [ 'wscript', 420, 438 ]
355 silly gunzTarPerm extractEntry doc/buffers.md
356 silly gunzTarPerm modified mode [ 'doc/buffers.md', 436, 438 ]
357 silly gunzTarPerm extractEntry doc/object_wrappers.md
358 silly gunzTarPerm modified mode [ 'doc/object_wrappers.md', 436, 438 ]
359 silly gentlyRm C:\xampp\htdocs\zeedas\node_modules\.staging\extend-acc26be9\node_modules is being purged
360 verbose gentlyRm don't care about contents; nuking C:\xampp\htdocs\zeedas\node_modules\.staging\extend-acc26be9\node_modules
361 silly gunzTarPerm extractEntry doc/persistent.md
362 silly gunzTarPerm modified mode [ 'doc/persistent.md', 436, 438 ]
363 silly gunzTarPerm extractEntry doc/scopes.md
364 silly gunzTarPerm modified mode [ 'doc/scopes.md', 436, 438 ]
365 silly gunzTarPerm extractEntry doc/script.md
366 silly gunzTarPerm modified mode [ 'doc/script.md', 436, 438 ]
367 silly gunzTarPerm extractEntry doc/string_bytes.md
368 silly gunzTarPerm modified mode [ 'doc/string_bytes.md', 436, 438 ]
369 silly gunzTarPerm extractEntry doc/v8_internals.md
370 silly gunzTarPerm modified mode [ 'doc/v8_internals.md', 436, 438 ]
371 silly gunzTarPerm extractEntry doc/v8_misc.md
372 silly gunzTarPerm modified mode [ 'doc/v8_misc.md', 436, 438 ]
373 silly gunzTarPerm extractEntry nan.h
374 silly gunzTarPerm modified mode [ 'nan.h', 436, 438 ]
375 silly gunzTarPerm extractEntry nan_callbacks.h
376 silly gunzTarPerm modified mode [ 'nan_callbacks.h', 436, 438 ]
377 silly gunzTarPerm extractEntry nan_callbacks_12_inl.h
378 silly gunzTarPerm modified mode [ 'nan_callbacks_12_inl.h', 436, 438 ]
379 silly gunzTarPerm extractEntry nan_callbacks_pre_12_inl.h
380 silly gunzTarPerm modified mode [ 'nan_callbacks_pre_12_inl.h', 436, 438 ]
381 silly gunzTarPerm extractEntry nan_converters_43_inl.h
382 silly gunzTarPerm modified mode [ 'nan_converters_43_inl.h', 436, 438 ]
383 silly gunzTarPerm extractEntry nan_converters_pre_43_inl.h
384 silly gunzTarPerm modified mode [ 'nan_converters_pre_43_inl.h', 436, 438 ]
385 silly gunzTarPerm extractEntry nan_implementation_12_inl.h
386 silly gunzTarPerm modified mode [ 'nan_implementation_12_inl.h', 436, 438 ]
387 silly gunzTarPerm extractEntry nan_implementation_pre_12_inl.h
388 silly gunzTarPerm modified mode [ 'nan_implementation_pre_12_inl.h', 436, 438 ]
389 silly gunzTarPerm extractEntry nan_maybe_43_inl.h
390 silly gunzTarPerm modified mode [ 'nan_maybe_43_inl.h', 436, 438 ]
391 silly gunzTarPerm extractEntry nan_maybe_pre_43_inl.h
392 silly gunzTarPerm modified mode [ 'nan_maybe_pre_43_inl.h', 436, 438 ]
393 silly gunzTarPerm extractEntry nan_new.h
394 silly gunzTarPerm modified mode [ 'nan_new.h', 436, 438 ]
395 silly gunzTarPerm extractEntry nan_object_wrap.h
396 silly gunzTarPerm modified mode [ 'nan_object_wrap.h', 436, 438 ]
397 silly gunzTarPerm extractEntry nan_persistent_12_inl.h
398 silly gunzTarPerm modified mode [ 'nan_persistent_12_inl.h', 436, 438 ]
399 silly gunzTarPerm extractEntry nan_persistent_pre_12_inl.h
400 silly gunzTarPerm modified mode [ 'nan_persistent_pre_12_inl.h', 436, 438 ]
401 silly gunzTarPerm extractEntry nan_string_bytes.h
402 silly gunzTarPerm modified mode [ 'nan_string_bytes.h', 436, 438 ]
403 silly gunzTarPerm extractEntry nan_typedarray_contents.h
404 silly gunzTarPerm modified mode [ 'nan_typedarray_contents.h', 436, 438 ]
405 silly gunzTarPerm extractEntry nan_weak.h
406 silly gunzTarPerm modified mode [ 'nan_weak.h', 436, 438 ]
407 silly gunzTarPerm extractEntry CHANGELOG.md
408 silly gunzTarPerm modified mode [ 'CHANGELOG.md', 436, 438 ]
409 silly gunzTarPerm extractEntry tools/package.json
410 silly gunzTarPerm modified mode [ 'tools/package.json', 436, 438 ]
411 silly gunzTarPerm extractEntry tools/README.md
412 silly gunzTarPerm modified mode [ 'tools/README.md', 436, 438 ]
413 silly gunzTarPerm extractEntry tools/1to2.js
414 silly gunzTarPerm modified mode [ 'tools/1to2.js', 509, 511 ]
415 silly gentlyRm C:\xampp\htdocs\zeedas\node_modules\.staging\thumbnail-d67123f6\node_modules is being purged
416 verbose gentlyRm don't care about contents; nuking C:\xampp\htdocs\zeedas\node_modules\.staging\thumbnail-d67123f6\node_modules
417 silly gentlyRm C:\xampp\htdocs\zeedas\node_modules\.staging\pty.js-50ac452b\node_modules is being purged
418 verbose gentlyRm don't care about contents; nuking C:\xampp\htdocs\zeedas\node_modules\.staging\pty.js-50ac452b\node_modules
419 silly gentlyRm C:\xampp\htdocs\zeedas\node_modules\.staging\nan-b99e8fad\node_modules is being purged
420 verbose gentlyRm don't care about contents; nuking C:\xampp\htdocs\zeedas\node_modules\.staging\nan-b99e8fad\node_modules
421 silly doParallel preinstall 4
422 silly preinstall nan@2.3.5 C:\xampp\htdocs\zeedas\node_modules\.staging\nan-b99e8fad
423 info lifecycle nan@2.3.5~preinstall: nan@2.3.5
424 silly preinstall extend@1.2.1 C:\xampp\htdocs\zeedas\node_modules\.staging\extend-acc26be9
425 info lifecycle extend@1.2.1~preinstall: extend@1.2.1
426 silly preinstall pty.js@0.3.1 C:\xampp\htdocs\zeedas\node_modules\.staging\pty.js-50ac452b
427 info lifecycle pty.js@0.3.1~preinstall: pty.js@0.3.1
428 silly preinstall thumbnail@0.1.9 C:\xampp\htdocs\zeedas\node_modules\.staging\thumbnail-d67123f6
429 info lifecycle thumbnail@0.1.9~preinstall: thumbnail@0.1.9
430 silly lifecycle nan@2.3.5~preinstall: no script for preinstall, continuing
431 silly lifecycle extend@1.2.1~preinstall: no script for preinstall, continuing
432 silly lifecycle pty.js@0.3.1~preinstall: no script for preinstall, continuing
433 silly lifecycle thumbnail@0.1.9~preinstall: no script for preinstall, continuing
434 silly doReverseSerial remove 0
435 silly doSerial move 0
436 silly doSerial finalize 4
437 silly finalize C:\xampp\htdocs\zeedas\node_modules\nan
438 silly finalize C:\xampp\htdocs\zeedas\node_modules\pty.js\node_modules\extend
439 silly finalize C:\xampp\htdocs\zeedas\node_modules\pty.js
440 silly finalize C:\xampp\htdocs\zeedas\node_modules\thumbnail
441 silly doSerial build 4
442 silly build nan@2.3.5
443 info linkStuff nan@2.3.5
444 silly linkStuff nan@2.3.5 has C:\xampp\htdocs\zeedas\node_modules as its parent node_modules
445 verbose linkBins nan@2.3.5
446 verbose linkMans nan@2.3.5
447 silly build extend@1.2.1
448 info linkStuff extend@1.2.1
449 silly linkStuff extend@1.2.1 has C:\xampp\htdocs\zeedas\node_modules\pty.js\node_modules as its parent node_modules
450 verbose linkBins extend@1.2.1
451 verbose linkMans extend@1.2.1
452 silly build pty.js@0.3.1
453 info linkStuff pty.js@0.3.1
454 silly linkStuff pty.js@0.3.1 has C:\xampp\htdocs\zeedas\node_modules as its parent node_modules
455 verbose linkBins pty.js@0.3.1
456 verbose linkMans pty.js@0.3.1
457 silly build thumbnail@0.1.9
458 info linkStuff thumbnail@0.1.9
459 silly linkStuff thumbnail@0.1.9 has C:\xampp\htdocs\zeedas\node_modules as its parent node_modules
460 verbose linkBins thumbnail@0.1.9
461 verbose linkMans thumbnail@0.1.9
462 silly doSerial global-link 0
463 silly doParallel update-linked 0
464 silly doSerial install 4
465 silly install nan@2.3.5 C:\xampp\htdocs\zeedas\node_modules\.staging\nan-b99e8fad
466 info lifecycle nan@2.3.5~install: nan@2.3.5
467 silly lifecycle nan@2.3.5~install: no script for install, continuing
468 silly install extend@1.2.1 C:\xampp\htdocs\zeedas\node_modules\.staging\extend-acc26be9
469 info lifecycle extend@1.2.1~install: extend@1.2.1
470 silly lifecycle extend@1.2.1~install: no script for install, continuing
471 silly install pty.js@0.3.1 C:\xampp\htdocs\zeedas\node_modules\.staging\pty.js-50ac452b
472 info lifecycle pty.js@0.3.1~install: pty.js@0.3.1
473 verbose lifecycle pty.js@0.3.1~install: unsafe-perm in lifecycle true
474 verbose lifecycle pty.js@0.3.1~install: PATH: C:\Program Files\nodejs\node_modules\npm\bin\node-gyp-bin;C:\xampp\htdocs\zeedas\node_modules\pty.js\node_modules\.bin;C:\xampp\htdocs\zeedas\node_modules\.bin;C:\Program Files (x86)\Common Files\Intel\Shared Files\cpp\bin\Intel64;C:\ProgramData\Oracle\Java\javapath;C:\Program Files (x86)\Intel\iCLS Client\;C:\Program Files\Intel\iCLS Client\;C:\WINDOWS\system32;C:\WINDOWS;C:\WINDOWS\System32\Wbem;C:\WINDOWS\System32\WindowsPowerShell\v1.0\;C:\Program Files\Hewlett-Packard\SimplePass\;C:\Program Files\Intel\Intel(R) Management Engine Components\DAL;C:\Program Files (x86)\Intel\Intel(R) Management Engine Components\DAL;C:\Program Files\Intel\Intel(R) Management Engine Components\IPT;C:\Program Files (x86)\Intel\Intel(R) Management Engine Components\IPT;c:\Program Files\Intel\WiFi\bin\;c:\Program Files\Common Files\Intel\WirelessCommon\;C:\Program Files\nodejs\;C:\Program Files (x86)\Skype\Phone\;C:\Program Files\Git\cmd;C:\Users\HP ENVY\AppData\Roaming\npm;C:\Android\sdk\platform-tools;C:\Android\sdk\tools;C:\Program Files\Java\jdk1.8.0_121\bin;C:\Users\HP ENVY\AppData\Local\Microsoft\WindowsApps;C:\Program Files (x86)\mitmproxy\bin;C:\Users\HP ENVY\AppData\Local\atom\bin;C:\Program Files (x86)\EaseUS\Todo Backup\bin\x64\
475 verbose lifecycle pty.js@0.3.1~install: CWD: C:\xampp\htdocs\zeedas\node_modules\pty.js
476 silly lifecycle pty.js@0.3.1~install: Args: [ '/d /s /c', 'node-gyp rebuild' ]
477 silly lifecycle pty.js@0.3.1~install: Returned: code: 1  signal: null
478 info lifecycle pty.js@0.3.1~install: Failed to exec install script
479 verbose unlock done using C:\Users\HP ENVY\AppData\Roaming\npm-cache\_locks\staging-5b35dac13ef3d2d7.lock for C:\xampp\htdocs\zeedas\node_modules\.staging
480 silly rollbackFailedOptional Starting
481 silly rollbackFailedOptional Finishing
482 silly runTopLevelLifecycles Finishing
483 silly install printInstalled
484 warn DMS@1.0.0 No repository field.
485 verbose If you need help, you may report this error at:
485 verbose     <https://github.com/npm/npm/issues>
486 verbose stack Error: pty.js@0.3.1 install: `node-gyp rebuild`
486 verbose stack Exit status 1
486 verbose stack     at EventEmitter.<anonymous> (C:\Program Files\nodejs\node_modules\npm\lib\utils\lifecycle.js:255:16)
486 verbose stack     at emitTwo (events.js:106:13)
486 verbose stack     at EventEmitter.emit (events.js:191:7)
486 verbose stack     at ChildProcess.<anonymous> (C:\Program Files\nodejs\node_modules\npm\lib\utils\spawn.js:40:14)
486 verbose stack     at emitTwo (events.js:106:13)
486 verbose stack     at ChildProcess.emit (events.js:191:7)
486 verbose stack     at maybeClose (internal/child_process.js:877:16)
486 verbose stack     at Process.ChildProcess._handle.onexit (internal/child_process.js:226:5)
487 verbose pkgid pty.js@0.3.1
488 verbose cwd C:\xampp\htdocs\zeedas
489 error Windows_NT 10.0.15063
490 error argv "C:\\Program Files\\nodejs\\node.exe" "C:\\Program Files\\nodejs\\node_modules\\npm\\bin\\npm-cli.js" "install"
491 error node v6.10.0
492 error npm  v3.10.10
493 error code ELIFECYCLE
494 error pty.js@0.3.1 install: `node-gyp rebuild`
494 error Exit status 1
495 error Failed at the pty.js@0.3.1 install script 'node-gyp rebuild'.
495 error Make sure you have the latest version of node.js and npm installed.
495 error If you do, this is most likely a problem with the pty.js package,
495 error not with npm itself.
495 error Tell the author that this fails on your system:
495 error     node-gyp rebuild
495 error You can get information on how to open an issue for this project with:
495 error     npm bugs pty.js
495 error Or if that isn't available, you can get their info via:
495 error     npm owner ls pty.js
495 error There is likely additional logging output above.
496 verbose exit [ 1, true ]
